2023-02-02 23:18:37.390 | DEBUG    | __main__:<module>:109 - Бот был запущен
2023-02-02 23:18:55.023 | INFO     | __main__:start_handler:175 - Введена команда /start пользователем. Имя: httpshotmaker ᅠ ᅠᅠ ᅠᅠ ᅠᅠ ᅠᅠ ᅠ, ID: 1074797971, юзернейм: httpshotmaker
2023-02-02 23:20:00.962 | DEBUG    | __main__:<module>:109 - Бот был запущен
2023-02-02 23:20:52.824 | DEBUG    | __main__:<module>:109 - Бот был запущен
2023-02-02 23:21:33.640 | DEBUG    | __main__:<module>:109 - Бот был запущен
2023-02-02 23:21:50.674 | DEBUG    | __main__:<module>:109 - Бот был запущен
2023-02-02 23:24:30.076 | DEBUG    | __main__:<module>:114 - Бот был запущен
2023-02-02 23:30:06.752 | DEBUG    | __main__:<module>:114 - Бот был запущен
2023-02-02 23:31:03.026 | DEBUG    | __main__:<module>:114 - Бот был запущен
2023-02-02 23:31:11.693 | INFO     | __main__:exchange_handler:214 - Введена команда /exchange пользователем. Имя: httpshotmaker ᅠ ᅠᅠ ᅠᅠ ᅠᅠ ᅠᅠ ᅠ, ID: 1074797971, юзернейм: httpshotmaker
2023-02-02 23:31:54.116 | DEBUG    | __main__:<module>:114 - Бот был запущен
2023-02-02 23:33:34.566 | INFO     | __main__:process_callback_menu:436 - Вызвано меню пользователем
2023-02-02 23:34:06.081 | INFO     | __main__:process_callback_menu:436 - Вызвано меню пользователем
2023-02-02 23:34:43.909 | DEBUG    | __main__:<module>:114 - Бот был запущен
2023-02-02 23:35:22.931 | INFO     | __main__:process_callback_menu:436 - Вызвано меню пользователем
2023-02-02 23:38:41.436 | DEBUG    | __main__:<module>:117 - Бот был запущен
2023-02-02 23:38:45.415 | INFO     | __main__:process_callback_menu:439 - Вызвано меню пользователем
2023-02-02 23:39:11.899 | DEBUG    | __main__:<module>:117 - Бот был запущен
2023-02-03 18:15:11.877 | DEBUG    | __main__:<module>:116 - Бот был запущен
2023-02-03 18:15:19.774 | INFO     | __main__:start_handler:182 - Введена команда /start пользователем. Имя: httpshotmaker ᅠ ᅠᅠ ᅠᅠ ᅠᅠ ᅠᅠ ᅠ, ID: 1074797971, юзернейм: httpshotmaker
2023-02-03 18:15:29.405 | INFO     | __main__:process_callback_menu:438 - Вызвано меню пользователем
2023-02-03 18:16:07.886 | DEBUG    | __main__:<module>:116 - Бот был запущен
2023-02-03 18:16:11.710 | INFO     | __main__:process_callback_menu:438 - Вызвано меню пользователем
2023-02-03 18:17:01.159 | DEBUG    | __main__:<module>:119 - Бот был запущен
2023-02-03 18:17:03.982 | INFO     | __main__:process_callback_menu:441 - Вызвано меню пользователем
2023-02-03 18:22:46.881 | DEBUG    | __main__:<module>:117 - Бот был запущен
2023-02-03 18:22:50.087 | INFO     | __main__:process_callback_menu:439 - Вызвано меню пользователем
2023-02-03 18:23:01.646 | INFO     | __main__:process_callback_menu:439 - Вызвано меню пользователем
2023-02-03 18:24:05.704 | DEBUG    | __main__:<module>:119 - Бот был запущен
2023-02-03 18:24:38.468 | DEBUG    | __main__:<module>:119 - Бот был запущен
2023-02-03 18:24:41.030 | INFO     | __main__:process_callback_menu:441 - Вызвано меню пользователем
2023-02-03 18:24:53.342 | INFO     | __main__:process_callback_menu:441 - Вызвано меню пользователем
2023-02-03 18:25:20.213 | DEBUG    | __main__:<module>:119 - Бот был запущен
2023-02-03 18:25:24.145 | INFO     | __main__:process_callback_menu:441 - Вызвано меню пользователем
2023-02-03 18:26:39.733 | DEBUG    | __main__:<module>:119 - Бот был запущен
2023-02-03 18:31:18.823 | DEBUG    | __main__:<module>:114 - Бот был запущен
2023-02-03 18:31:26.902 | INFO     | __main__:process_callback_menu:436 - Вызвано меню пользователем
2023-02-03 18:31:31.759 | INFO     | __main__:process_callback_menu:436 - Вызвано меню пользователем
2023-02-03 18:32:13.450 | DEBUG    | __main__:<module>:115 - Бот был запущен
2023-02-03 18:32:17.859 | INFO     | __main__:process_callback_menu:437 - Вызвано меню пользователем
2023-02-03 18:36:07.790 | DEBUG    | __main__:<module>:116 - Бот был запущен
2023-02-03 18:36:10.209 | INFO     | __main__:process_callback_menu:438 - Вызвано меню пользователем
2023-02-03 18:36:10.699 | INFO     | __main__:process_callback_menu:438 - Вызвано меню пользователем
2023-02-03 18:38:48.114 | DEBUG    | __main__:<module>:115 - Бот был запущен
2023-02-03 18:39:01.478 | INFO     | __main__:process_callback_menu:437 - Вызвано меню пользователем
2023-02-03 18:39:07.491 | INFO     | __main__:process_callback_menu:437 - Вызвано меню пользователем
2023-02-03 18:39:11.521 | INFO     | __main__:process_callback_menu:437 - Вызвано меню пользователем
2023-02-03 18:39:15.195 | INFO     | __main__:process_callback_menu:437 - Вызвано меню пользователем
2023-02-03 18:39:19.570 | INFO     | __main__:process_callback_menu:437 - Вызвано меню пользователем
2023-02-03 18:39:24.541 | INFO     | __main__:process_callback_menu:437 - Вызвано меню пользователем
2023-02-03 18:40:07.184 | DEBUG    | __main__:<module>:116 - Бот был запущен
2023-02-03 18:40:09.924 | INFO     | __main__:process_callback_menu:438 - Вызвано меню пользователем
2023-02-03 18:40:41.697 | DEBUG    | __main__:<module>:116 - Бот был запущен
2023-02-03 18:40:44.188 | INFO     | __main__:process_callback_menu:438 - Вызвано меню пользователем
2023-02-03 18:41:40.189 | DEBUG    | __main__:<module>:116 - Бот был запущен
2023-02-03 18:55:39.895 | DEBUG    | __main__:<module>:112 - Бот был запущен
2023-02-03 18:55:46.307 | INFO     | __main__:process_callback_menu:434 - Вызвано меню пользователем
2023-02-03 19:03:33.071 | DEBUG    | __main__:<module>:112 - Бот был запущен
2023-02-03 20:51:44.935 | DEBUG    | __main__:<module>:115 - Бот был запущен
2023-02-03 20:51:54.992 | INFO     | __main__:start_handler:181 - Введена команда /start пользователем. Имя: httpshotmaker ᅠ ᅠᅠ ᅠᅠ ᅠᅠ ᅠᅠ ᅠ, ID: 1074797971, юзернейм: httpshotmaker
2023-02-03 20:53:19.610 | DEBUG    | __main__:<module>:116 - Бот был запущен
2023-02-03 20:53:22.066 | INFO     | __main__:process_callback_menu:438 - Вызвано меню пользователем
2023-02-03 20:56:46.336 | INFO     | __main__:exchange_handler:216 - Введена команда /exchange пользователем. Имя: httpshotmaker ᅠ ᅠᅠ ᅠᅠ ᅠᅠ ᅠᅠ ᅠ, ID: 1074797971, юзернейм: httpshotmaker
2023-02-03 21:18:13.992 | INFO     | __main__:exchange_handler:216 - Введена команда /exchange пользователем. Имя: httpshotmaker ᅠ ᅠᅠ ᅠᅠ ᅠᅠ ᅠᅠ ᅠ, ID: 1074797971, юзернейм: httpshotmaker
2023-02-03 21:19:49.835 | INFO     | __main__:start_handler:182 - Введена команда /start пользователем. Имя: Дмитрий, ID: 1377256868, юзернейм: DmodvTG
2023-02-03 21:20:02.733 | INFO     | __main__:process_callback_menu:438 - Вызвано меню пользователем
2023-02-03 21:30:55.582 | INFO     | __main__:balance_handler:308 - Введена команда /balance пользователем. Имя: Дмитрий, ID: 1377256868, юзернейм: DmodvTG
2023-02-03 21:34:22.620 | INFO     | __main__:process_callback_menu:438 - Вызвано меню пользователем
2023-02-03 21:58:55.361 | DEBUG    | __main__:<module>:115 - Бот был запущен
2023-02-03 22:01:44.239 | DEBUG    | __main__:<module>:115 - Бот был запущен
2023-02-03 22:01:51.401 | INFO     | __main__:process_callback_menu:439 - Вызвано меню пользователем
2023-02-03 22:11:18.974 | DEBUG    | __main__:<module>:115 - Бот был запущен
2023-02-03 22:12:18.848 | DEBUG    | __main__:<module>:115 - Бот был запущен
2023-02-03 22:12:24.611 | INFO     | __main__:start_handler:173 - Введена команда /start пользователем. Имя: httpshotmaker ᅠ ᅠᅠ ᅠᅠ ᅠᅠ ᅠᅠ ᅠ, ID: 1074797971, юзернейм: httpshotmaker
2023-02-03 22:13:07.161 | DEBUG    | __main__:<module>:115 - Бот был запущен
2023-02-03 22:13:09.897 | INFO     | __main__:start_handler:173 - Введена команда /start пользователем. Имя: httpshotmaker ᅠ ᅠᅠ ᅠᅠ ᅠᅠ ᅠᅠ ᅠ, ID: 1074797971, юзернейм: httpshotmaker
2023-02-03 22:13:21.900 | INFO     | __main__:process_callback_menu:436 - Вызвано меню пользователем
2023-02-03 22:13:32.084 | INFO     | __main__:process_callback_menu:436 - Вызвано меню пользователем
2023-02-03 22:16:24.934 | DEBUG    | __main__:<module>:115 - Бот был запущен
2023-02-03 22:16:29.613 | INFO     | __main__:start_handler:173 - Введена команда /start пользователем. Имя: httpshotmaker ᅠ ᅠᅠ ᅠᅠ ᅠᅠ ᅠᅠ ᅠ, ID: 1074797971, юзернейм: httpshotmaker
2023-02-03 22:17:16.009 | DEBUG    | __main__:<module>:115 - Бот был запущен
2023-02-03 22:17:53.000 | DEBUG    | __main__:<module>:115 - Бот был запущен
2023-02-03 22:23:00.076 | DEBUG    | __main__:<module>:115 - Бот был запущен
2023-02-03 22:23:45.286 | DEBUG    | __main__:<module>:115 - Бот был запущен
2023-02-03 22:23:49.349 | INFO     | __main__:start_handler:164 - Введена команда /start пользователем. Имя: httpshotmaker ᅠ ᅠᅠ ᅠᅠ ᅠᅠ ᅠᅠ ᅠ, ID: 1074797971, юзернейм: httpshotmaker
2023-02-03 23:09:22.720 | DEBUG    | __main__:<module>:121 - Бот был запущен
2023-02-03 23:09:28.593 | INFO     | __main__:process_callback_menu:425 - Нажата кнопка меню пользователем
2023-02-03 23:10:59.241 | DEBUG    | __main__:<module>:121 - Бот был запущен
2023-02-03 23:11:04.275 | INFO     | __main__:start_handler:178 - Введена команда /start пользователем. Имя: httpshotmaker ᅠ ᅠᅠ ᅠᅠ ᅠᅠ ᅠᅠ ᅠ, ID: 1074797971, юзернейм: httpshotmaker
2023-02-03 23:18:04.897 | DEBUG    | __main__:<module>:121 - Бот был запущен
2023-02-03 23:18:13.127 | INFO     | __main__:process_callback_menu:430 - Нажата кнопка меню пользователем
2023-02-03 23:18:15.054 | INFO     | __main__:process_callback_last:365 - Нажата кнопка последнего блока пользователем
2023-02-03 23:18:37.207 | INFO     | __main__:subscribe_handler:445 - Введена команда /subscribe пользователем. Имя: httpshotmaker ᅠ ᅠᅠ ᅠᅠ ᅠᅠ ᅠᅠ ᅠ, ID: 1074797971, юзернейм: httpshotmaker
2023-02-03 23:20:13.571 | DEBUG    | __main__:<module>:121 - Бот был запущен
2023-02-03 23:20:21.898 | INFO     | __main__:subscribe_handler:445 - Введена команда /subscribe пользователем. Имя: httpshotmaker ᅠ ᅠᅠ ᅠᅠ ᅠᅠ ᅠᅠ ᅠ, ID: 1074797971, юзернейм: httpshotmaker
2023-02-03 23:20:22.287 | INFO     | __main__:subscribe_handler:464 - Новая подписка на рассылку: ID1074797971
2023-02-03 23:25:27.892 | DEBUG    | __main__:<module>:121 - Бот был запущен
2023-02-03 23:25:32.937 | INFO     | __main__:process_callback_menu:427 - Нажата кнопка меню пользователем
2023-02-03 23:25:34.637 | INFO     | __main__:process_callback_exchange:382 - Нажата кнопка курс BTC пользователем
2023-02-03 23:26:41.675 | INFO     | __main__:exchange_handler:213 - Введена команда /exchange пользователем. Имя: httpshotmaker ᅠ ᅠᅠ ᅠᅠ ᅠᅠ ᅠᅠ ᅠ, ID: 1074797971, юзернейм: httpshotmaker
2023-02-03 23:28:00.343 | DEBUG    | __main__:<module>:121 - Бот был запущен
2023-02-03 23:28:03.764 | INFO     | __main__:exchange_handler:213 - Введена команда /exchange пользователем. Имя: httpshotmaker ᅠ ᅠᅠ ᅠᅠ ᅠᅠ ᅠᅠ ᅠ, ID: 1074797971, юзернейм: httpshotmaker
2023-02-03 23:28:40.074 | INFO     | __main__:last_block_handler:193 - Введена команда /last пользователем. Имя: Даниил, ID: 744246158, юзернейм: DaniilArtsubasov
2023-02-03 23:29:06.703 | INFO     | __main__:exchange_handler:213 - Введена команда /exchange пользователем. Имя: Даниил, ID: 744246158, юзернейм: DaniilArtsubasov
2023-02-03 23:31:52.180 | DEBUG    | __main__:<module>:121 - Бот был запущен
2023-02-03 23:31:58.001 | INFO     | __main__:start_handler:178 - Введена команда /start пользователем. Имя: httpshotmaker ᅠ ᅠᅠ ᅠᅠ ᅠᅠ ᅠᅠ ᅠ, ID: 1074797971, юзернейм: httpshotmaker
2023-02-03 23:32:40.221 | DEBUG    | __main__:<module>:121 - Бот был запущен
2023-02-03 23:32:43.194 | INFO     | __main__:start_handler:180 - Введена команда /start пользователем. Имя: httpshotmaker ᅠ ᅠᅠ ᅠᅠ ᅠᅠ ᅠᅠ ᅠ, ID: 1074797971, юзернейм: httpshotmaker
2023-02-03 23:32:48.431 | INFO     | __main__:last_block_handler:197 - Введена команда /last пользователем. Имя: httpshotmaker ᅠ ᅠᅠ ᅠᅠ ᅠᅠ ᅠᅠ ᅠ, ID: 1074797971, юзернейм: httpshotmaker
2023-02-03 23:33:04.095 | INFO     | __main__:exchange_handler:219 - Введена команда /exchange пользователем. Имя: httpshotmaker ᅠ ᅠᅠ ᅠᅠ ᅠᅠ ᅠᅠ ᅠ, ID: 1074797971, юзернейм: httpshotmaker
2023-02-03 23:33:07.307 | INFO     | __main__:block_handler:237 - Введена команда /block пользователем. Имя: httpshotmaker ᅠ ᅠᅠ ᅠᅠ ᅠᅠ ᅠᅠ ᅠ, ID: 1074797971, юзернейм: httpshotmaker
2023-02-03 23:33:25.828 | INFO     | __main__:balance_handler:310 - Введена команда /balance пользователем. Имя: httpshotmaker ᅠ ᅠᅠ ᅠᅠ ᅠᅠ ᅠᅠ ᅠ, ID: 1074797971, юзернейм: httpshotmaker
2023-02-03 23:33:37.099 | INFO     | __main__:process_callback_menu:432 - Нажата кнопка меню пользователем
2023-02-03 23:36:33.263 | INFO     | __main__:start_handler:180 - Введена команда /start пользователем. Имя: httpshotmaker ᅠ ᅠᅠ ᅠᅠ ᅠᅠ ᅠᅠ ᅠ, ID: 1074797971, юзернейм: httpshotmaker
2023-02-03 23:36:37.030 | INFO     | __main__:subscribe_handler:447 - Введена команда /subscribe пользователем. Имя: httpshotmaker ᅠ ᅠᅠ ᅠᅠ ᅠᅠ ᅠᅠ ᅠ, ID: 1074797971, юзернейм: httpshotmaker
2023-02-03 23:36:41.070 | INFO     | __main__:unsubscribe_handler:480 - Введена команда /unsubscribe пользователем. Имя: httpshotmaker ᅠ ᅠᅠ ᅠᅠ ᅠᅠ ᅠᅠ ᅠ, ID: 1074797971, юзернейм: httpshotmaker
2023-02-03 23:36:45.848 | INFO     | __main__:subscribe_handler:447 - Введена команда /subscribe пользователем. Имя: httpshotmaker ᅠ ᅠᅠ ᅠᅠ ᅠᅠ ᅠᅠ ᅠ, ID: 1074797971, юзернейм: httpshotmaker
2023-02-03 23:36:46.504 | INFO     | __main__:subscribe_handler:466 - Новая подписка на рассылку: ID1074797971
2023-02-04 17:15:34.767 | DEBUG    | __main__:<module>:121 - Бот был запущен
2023-02-04 17:15:35.168 | INFO     | __main__:start_handler:180 - Введена команда /start пользователем. Имя: Danila, ID: 404269833, юзернейм: xoreles
2023-02-04 17:15:51.118 | INFO     | __main__:start_handler:180 - Введена команда /start пользователем. Имя: httpshotmaker ᅠ ᅠᅠ ᅠᅠ ᅠᅠ ᅠᅠ ᅠ, ID: 1074797971, юзернейм: httpshotmaker
2023-02-04 17:15:54.403 | INFO     | __main__:process_callback_exchange:387 - Нажата кнопка курс BTC пользователем
2023-02-04 18:02:47.587 | INFO     | __main__:process_callback_balance:414 - Нажата кнопка баланс пользователем
2023-02-04 18:03:03.547 | INFO     | __main__:start_handler:180 - Введена команда /start пользователем. Имя: Danila, ID: 404269833, юзернейм: xoreles
2023-02-04 18:03:05.529 | INFO     | __main__:process_callback_last:371 - Нажата кнопка последнего блока пользователем
2023-02-04 19:20:10.290 | DEBUG    | __main__:<module>:121 - Бот был запущен
2023-02-04 19:20:42.125 | DEBUG    | __main__:<module>:121 - Бот был запущен
2023-02-04 19:21:07.036 | INFO     | __main__:process_callback_menu:432 - Нажата кнопка меню пользователем
2023-02-04 19:21:08.456 | INFO     | __main__:process_callback_exchange:387 - Нажата кнопка курс BTC пользователем
2023-02-04 19:29:01.890 | DEBUG    | __main__:<module>:129 - Бот был запущен
2023-02-04 19:29:19.758 | DEBUG    | __main__:<module>:129 - Бот был запущен
2023-02-04 19:29:27.325 | INFO     | __main__:start_handler:188 - Введена команда /start пользователем. Имя: httpshotmaker ᅠ ᅠᅠ ᅠᅠ ᅠᅠ ᅠᅠ ᅠ, ID: 1074797971, юзернейм: httpshotmaker
2023-02-04 19:29:35.831 | INFO     | __main__:start_handler:188 - Введена команда /start пользователем. Имя: httpshotmaker ᅠ ᅠᅠ ᅠᅠ ᅠᅠ ᅠᅠ ᅠ, ID: 1074797971, юзернейм: httpshotmaker
2023-02-04 19:29:36.848 | INFO     | __main__:start_handler:188 - Введена команда /start пользователем. Имя: httpshotmaker ᅠ ᅠᅠ ᅠᅠ ᅠᅠ ᅠᅠ ᅠ, ID: 1074797971, юзернейм: httpshotmaker
2023-02-04 19:29:38.186 | INFO     | __main__:start_handler:188 - Введена команда /start пользователем. Имя: httpshotmaker ᅠ ᅠᅠ ᅠᅠ ᅠᅠ ᅠᅠ ᅠ, ID: 1074797971, юзернейм: httpshotmaker
2023-02-04 19:29:39.781 | INFO     | __main__:start_handler:188 - Введена команда /start пользователем. Имя: httpshotmaker ᅠ ᅠᅠ ᅠᅠ ᅠᅠ ᅠᅠ ᅠ, ID: 1074797971, юзернейм: httpshotmaker
2023-02-04 19:29:41.891 | INFO     | __main__:start_handler:188 - Введена команда /start пользователем. Имя: httpshotmaker ᅠ ᅠᅠ ᅠᅠ ᅠᅠ ᅠᅠ ᅠ, ID: 1074797971, юзернейм: httpshotmaker
2023-02-04 19:29:43.085 | INFO     | __main__:start_handler:188 - Введена команда /start пользователем. Имя: httpshotmaker ᅠ ᅠᅠ ᅠᅠ ᅠᅠ ᅠᅠ ᅠ, ID: 1074797971, юзернейм: httpshotmaker
2023-02-04 19:29:44.189 | INFO     | __main__:start_handler:188 - Введена команда /start пользователем. Имя: httpshotmaker ᅠ ᅠᅠ ᅠᅠ ᅠᅠ ᅠᅠ ᅠ, ID: 1074797971, юзернейм: httpshotmaker
2023-02-04 19:29:44.850 | INFO     | __main__:start_handler:188 - Введена команда /start пользователем. Имя: httpshotmaker ᅠ ᅠᅠ ᅠᅠ ᅠᅠ ᅠᅠ ᅠ, ID: 1074797971, юзернейм: httpshotmaker
2023-02-04 19:29:45.687 | INFO     | __main__:start_handler:188 - Введена команда /start пользователем. Имя: httpshotmaker ᅠ ᅠᅠ ᅠᅠ ᅠᅠ ᅠᅠ ᅠ, ID: 1074797971, юзернейм: httpshotmaker
2023-02-04 19:29:46.523 | INFO     | __main__:start_handler:188 - Введена команда /start пользователем. Имя: httpshotmaker ᅠ ᅠᅠ ᅠᅠ ᅠᅠ ᅠᅠ ᅠ, ID: 1074797971, юзернейм: httpshotmaker
2023-02-04 19:31:57.308 | DEBUG    | __main__:<module>:129 - Бот был запущен
2023-02-04 19:32:34.411 | DEBUG    | __main__:<module>:129 - Бот был запущен
2023-02-04 19:32:34.802 | INFO     | __main__:start_handler:189 - Введена команда /start пользователем. Имя: httpshotmaker ᅠ ᅠᅠ ᅠᅠ ᅠᅠ ᅠᅠ ᅠ, ID: 1074797971, юзернейм: httpshotmaker
2023-02-04 19:32:34.933 | INFO     | __main__:start_handler:189 - Введена команда /start пользователем. Имя: httpshotmaker ᅠ ᅠᅠ ᅠᅠ ᅠᅠ ᅠᅠ ᅠ, ID: 1074797971, юзернейм: httpshotmaker
2023-02-04 19:32:41.624 | INFO     | __main__:start_handler:189 - Введена команда /start пользователем. Имя: httpshotmaker ᅠ ᅠᅠ ᅠᅠ ᅠᅠ ᅠᅠ ᅠ, ID: 1074797971, юзернейм: httpshotmaker
2023-02-04 19:33:53.865 | DEBUG    | __main__:<module>:131 - Бот был запущен
2023-02-04 19:33:59.873 | INFO     | __main__:start_handler:191 - Введена команда /start пользователем. Имя: httpshotmaker ᅠ ᅠᅠ ᅠᅠ ᅠᅠ ᅠᅠ ᅠ, ID: 1074797971, юзернейм: httpshotmaker
2023-02-04 19:34:00.992 | INFO     | __main__:anti_flood:127 - Обнаружен спаммер
2023-02-04 19:34:01.475 | INFO     | __main__:anti_flood:127 - Обнаружен спаммер
2023-02-04 19:35:47.823 | DEBUG    | __main__:<module>:132 - Бот был запущен
2023-02-04 19:35:53.523 | INFO     | __main__:start_handler:192 - Введена команда /start пользователем. Имя: httpshotmaker ᅠ ᅠᅠ ᅠᅠ ᅠᅠ ᅠᅠ ᅠ, ID: 1074797971, юзернейм: httpshotmaker
2023-02-04 19:36:17.948 | DEBUG    | __main__:<module>:132 - Бот был запущен
2023-02-04 19:36:22.161 | INFO     | __main__:start_handler:192 - Введена команда /start пользователем. Имя: httpshotmaker ᅠ ᅠᅠ ᅠᅠ ᅠᅠ ᅠᅠ ᅠ, ID: 1074797971, юзернейм: httpshotmaker
2023-02-04 19:36:49.010 | DEBUG    | __main__:<module>:132 - Бот был запущен
2023-02-04 19:36:53.476 | INFO     | __main__:start_handler:192 - Введена команда /start пользователем. Имя: httpshotmaker ᅠ ᅠᅠ ᅠᅠ ᅠᅠ ᅠᅠ ᅠ, ID: 1074797971, юзернейм: httpshotmaker
2023-02-04 19:36:53.867 | INFO     | __main__:anti_flood:128 - Обнаружен спаммер
2023-02-04 19:36:54.518 | INFO     | __main__:anti_flood:128 - Обнаружен спаммер
2023-02-04 19:38:49.947 | DEBUG    | __main__:<module>:133 - Бот был запущен
2023-02-04 19:38:56.752 | INFO     | __main__:start_handler:193 - Введена команда /start пользователем. Имя: httpshotmaker ᅠ ᅠᅠ ᅠᅠ ᅠᅠ ᅠᅠ ᅠ, ID: 1074797971, юзернейм: httpshotmaker
2023-02-04 19:39:19.433 | DEBUG    | __main__:<module>:134 - Бот был запущен
2023-02-04 19:39:25.423 | INFO     | __main__:start_handler:194 - Введена команда /start пользователем. Имя: httpshotmaker ᅠ ᅠᅠ ᅠᅠ ᅠᅠ ᅠᅠ ᅠ, ID: 1074797971, юзернейм: httpshotmaker
2023-02-04 19:41:26.162 | DEBUG    | __main__:<module>:131 - Бот был запущен
2023-02-04 19:41:31.979 | INFO     | __main__:start_handler:191 - Введена команда /start пользователем. Имя: httpshotmaker ᅠ ᅠᅠ ᅠᅠ ᅠᅠ ᅠᅠ ᅠ, ID: 1074797971, юзернейм: httpshotmaker
2023-02-04 19:41:32.828 | INFO     | __main__:anti_flood:127 - Обнаружен спаммер:  1074797971
2023-02-04 19:46:39.025 | DEBUG    | __main__:<module>:131 - Бот был запущен
2023-02-04 19:46:46.098 | INFO     | __main__:start_handler:191 - Введена команда /start пользователем. Имя: httpshotmaker ᅠ ᅠᅠ ᅠᅠ ᅠᅠ ᅠᅠ ᅠ, ID: 1074797971, юзернейм: httpshotmaker
2023-02-04 19:46:47.237 | INFO     | __main__:anti_flood:127 - Обнаружен спаммер: ID:  1074797971
2023-02-04 19:50:40.641 | DEBUG    | __main__:<module>:131 - Бот был запущен
2023-02-04 19:52:32.523 | INFO     | __main__:start_handler:191 - Введена команда /start пользователем. Имя: httpshotmaker ᅠ ᅠᅠ ᅠᅠ ᅠᅠ ᅠᅠ ᅠ, ID: 1074797971, юзернейм: httpshotmaker
2023-02-04 19:52:32.916 | INFO     | __main__:anti_flood:127 - Обнаружен спаммер: ID:  1074797971
2023-02-04 19:52:33.612 | INFO     | __main__:anti_flood:127 - Обнаружен спаммер: ID:  1074797971
2023-02-04 19:52:36.160 | INFO     | __main__:anti_flood:127 - Обнаружен спаммер: ID:  1074797971
2023-02-04 19:52:36.726 | INFO     | __main__:anti_flood:127 - Обнаружен спаммер: ID:  1074797971
2023-02-04 19:52:47.907 | INFO     | __main__:last_block_handler:209 - Введена команда /last пользователем. Имя: httpshotmaker ᅠ ᅠᅠ ᅠᅠ ᅠᅠ ᅠᅠ ᅠ, ID: 1074797971, юзернейм: httpshotmaker
2023-02-04 19:52:57.134 | INFO     | __main__:last_block_handler:209 - Введена команда /last пользователем. Имя: httpshotmaker ᅠ ᅠᅠ ᅠᅠ ᅠᅠ ᅠᅠ ᅠ, ID: 1074797971, юзернейм: httpshotmaker
2023-02-04 19:52:57.294 | INFO     | __main__:anti_flood:127 - Обнаружен спаммер: ID:  1074797971
2023-02-04 19:52:57.296 | INFO     | __main__:anti_flood:127 - Обнаружен спаммер: ID:  1074797971
2023-02-04 19:52:57.298 | INFO     | __main__:anti_flood:127 - Обнаружен спаммер: ID:  1074797971
2023-02-04 19:52:57.300 | INFO     | __main__:anti_flood:127 - Обнаружен спаммер: ID:  1074797971
2023-02-04 19:52:57.302 | INFO     | __main__:anti_flood:127 - Обнаружен спаммер: ID:  1074797971
2023-02-04 19:52:57.305 | INFO     | __main__:anti_flood:127 - Обнаружен спаммер: ID:  1074797971
2023-02-04 19:52:57.307 | INFO     | __main__:anti_flood:127 - Обнаружен спаммер: ID:  1074797971
2023-02-04 19:52:57.309 | INFO     | __main__:anti_flood:127 - Обнаружен спаммер: ID:  1074797971
2023-02-04 19:52:57.311 | INFO     | __main__:anti_flood:127 - Обнаружен спаммер: ID:  1074797971
2023-02-04 19:53:12.530 | INFO     | __main__:exchange_handler:233 - Введена команда /exchange пользователем. Имя: httpshotmaker ᅠ ᅠᅠ ᅠᅠ ᅠᅠ ᅠᅠ ᅠ, ID: 1074797971, юзернейм: httpshotmaker
2023-02-04 19:53:13.398 | INFO     | __main__:anti_flood:127 - Обнаружен спаммер: ID:  1074797971
2023-02-04 19:53:13.965 | INFO     | __main__:anti_flood:127 - Обнаружен спаммер: ID:  1074797971
2023-02-04 19:53:15.731 | INFO     | __main__:anti_flood:127 - Обнаружен спаммер: ID:  1074797971
2023-02-04 19:53:24.615 | INFO     | __main__:block_handler:252 - Введена команда /block пользователем. Имя: httpshotmaker ᅠ ᅠᅠ ᅠᅠ ᅠᅠ ᅠᅠ ᅠ, ID: 1074797971, юзернейм: httpshotmaker
2023-02-04 19:53:26.511 | INFO     | __main__:anti_flood:127 - Обнаружен спаммер: ID:  1074797971
2023-02-04 19:53:27.314 | INFO     | __main__:anti_flood:127 - Обнаружен спаммер: ID:  1074797971
2023-02-04 19:53:29.419 | INFO     | __main__:anti_flood:127 - Обнаружен спаммер: ID:  1074797971
