2023-03-08 16:04:08.459 | DEBUG    | __main__:<module>:280 - Бот был запущен
2023-03-08 16:05:10.836 | DEBUG    | __main__:<module>:279 - Бот был запущен
2023-03-08 16:05:58.649 | DEBUG    | __main__:<module>:279 - Бот был запущен
2023-03-08 16:15:51.529 | DEBUG    | __main__:<module>:170 - Бот был запущен
2023-03-08 16:16:08.501 | INFO     | __main__:start_handler:263 - Введена команда /start пользователем. Имя: DeCoded ᅠ ᅠᅠ ᅠᅠ ᅠᅠ ᅠᅠ ᅠ, ID: 1074797971, юзернейм: Undet3cted
2023-03-08 16:16:10.679 | INFO     | __main__:process_callback_last:466 - Нажата кнопка последнего блока пользователем
2023-03-08 16:16:29.803 | INFO     | __main__:process_callback_menu:528 - Нажата кнопка меню пользователем
2023-03-08 16:16:34.804 | INFO     | __main__:watch_handler:670 - Введена команда /unwatch пользователем. Имя: DeCoded ᅠ ᅠᅠ ᅠᅠ ᅠᅠ ᅠᅠ ᅠ, ID: 1074797971, юзернейм: Undet3cted
2023-03-08 16:17:08.696 | INFO     | __main__:unsubscribe_handler:578 - Введена команда /unsubscribe пользователем. Имя: DeCoded ᅠ ᅠᅠ ᅠᅠ ᅠᅠ ᅠᅠ ᅠ, ID: 1074797971, юзернейм: Undet3cted
2023-03-08 16:17:14.739 | INFO     | __main__:subscribe_handler:544 - Введена команда /subscribe пользователем. Имя: DeCoded ᅠ ᅠᅠ ᅠᅠ ᅠᅠ ᅠᅠ ᅠ, ID: 1074797971, юзернейм: Undet3cted
2023-03-08 16:17:14.992 | INFO     | __main__:subscribe_handler:563 - Новая подписка на рассылку: ID1074797971
2023-03-08 16:30:51.521 | DEBUG    | __main__:auto_check_exchange:50 - Автоматическая проверка курса криптовалюты...
2023-03-08 16:30:51.522 | DEBUG    | __main__:auto_check_wallet:76 - Автоматическая проверка баланса криптокошельков...
2023-03-08 16:42:49.584 | DEBUG    | __main__:<module>:97 - Бот был запущен
2023-03-08 16:43:34.121 | DEBUG    | __main__:<module>:97 - Бот был запущен
2023-03-08 16:45:01.677 | DEBUG    | __main__:<module>:171 - Бот был запущен
2023-03-08 16:45:39.507 | DEBUG    | __main__:<module>:149 - Бот был запущен
2023-03-08 16:49:06.153 | DEBUG    | __main__:<module>:157 - Бот был запущен
2023-03-08 16:49:16.980 | INFO     | __main__:process_callback_menu:508 - Нажата кнопка меню пользователем
2023-03-08 16:49:19.166 | INFO     | __main__:process_callback_last:446 - Нажата кнопка последнего блока пользователем
2023-03-08 16:49:41.076 | INFO     | __main__:process_callback_menu:508 - Нажата кнопка меню пользователем
2023-03-08 16:49:42.523 | INFO     | __main__:process_callback_block:476 - Нажата кнопка блок пользователем
2023-03-08 16:51:53.876 | DEBUG    | __main__:<module>:158 - Бот был запущен
2023-03-08 16:51:57.831 | INFO     | __main__:start_handler:198 - Введена команда /start пользователем. Имя: DeCoded ᅠ ᅠᅠ ᅠᅠ ᅠᅠ ᅠᅠ ᅠ, ID: 1074797971, юзернейм: Undet3cted
2023-03-08 17:06:13.982 | DEBUG    | __main__:<module>:158 - Бот был запущен
2023-03-08 17:10:47.982 | DEBUG    | __main__:<module>:158 - Бот был запущен
2023-03-08 17:10:58.971 | WARNING  | __main__:anti_flood:154 - Обнаружен спаммер: ID: 1074797971
2023-03-08 17:10:59.341 | WARNING  | __main__:anti_flood:154 - Обнаружен спаммер: ID: 1074797971
2023-03-08 17:10:59.652 | WARNING  | __main__:anti_flood:154 - Обнаружен спаммер: ID: 1074797971
2023-03-08 17:10:59.995 | WARNING  | __main__:anti_flood:154 - Обнаружен спаммер: ID: 1074797971
2023-03-08 17:11:03.467 | WARNING  | __main__:anti_flood:154 - Обнаружен спаммер: ID: 1074797971
2023-03-08 17:11:05.342 | WARNING  | __main__:anti_flood:154 - Обнаружен спаммер: ID: 1074797971
2023-03-08 17:25:47.965 | DEBUG    | __main__:auto_check_exchange:52 - Автоматическая проверка курса криптовалюты...
2023-03-08 17:25:47.966 | DEBUG    | __main__:auto_check_wallet:78 - Автоматическая проверка баланса криптокошельков...
2023-03-08 17:34:27.809 | DEBUG    | __main__:<module>:158 - Бот был запущен
2023-03-08 17:34:53.447 | INFO     | __main__:start_handler:187 - Введена команда /start пользователем. Имя: DeCoded ᅠ ᅠᅠ ᅠᅠ ᅠᅠ ᅠᅠ ᅠ, ID: 1074797971, юзернейм: Undet3cted
2023-03-08 17:35:28.184 | DEBUG    | __main__:<module>:158 - Бот был запущен
2023-03-08 17:37:51.366 | DEBUG    | __main__:<module>:158 - Бот был запущен
2023-03-08 17:39:10.547 | DEBUG    | __main__:<module>:158 - Бот был запущен
2023-03-08 17:39:31.630 | DEBUG    | __main__:<module>:158 - Бот был запущен
